# JRE version: OpenJDK Runtime Environment (8.0_152-b02) (build 1.8.0_152-release-1024-b02)
# Java VM: OpenJDK 64-Bit Server VM (25.152-b02 mixed mode windows-amd64 compressed oops)
Heap:
 PSYoungGen      total 138240K, used 80091K [0x00000000e0000000, 0x00000000ebd00000, 0x0000000100000000)
  eden space 127488K, 62% used [0x00000000e0000000,0x00000000e4e36e10,0x00000000e7c80000)
  from space 10752K, 0% used [0x00000000e7c80000,0x00000000e7c80000,0x00000000e8700000)
  to   space 14848K, 0% used [0x00000000eae80000,0x00000000eae80000,0x00000000ebd00000)
 ParOldGen       total 167424K, used 18767K [0x00000000a0000000, 0x00000000aa380000, 0x00000000e0000000)
  object space 167424K, 11% used [0x00000000a0000000,0x00000000a1253fe0,0x00000000aa380000)
 Metaspace       used 38461K, capacity 39074K, committed 39256K, reserved 1083392K
  class space    used 5201K, capacity 5404K, committed 5504K, reserved 1048576K
GC Heap History (10 events):
Event: 4.545 GC heap before
{Heap before GC invocations=3 (full 0):
 PSYoungGen      total 76288K, used 20632K [0x00000000e0000000, 0x00000000e5500000, 0x0000000100000000)
  eden space 65536K, 15% used [0x00000000e0000000,0x00000000e09ad068,0x00000000e4000000)
  from space 10752K, 99% used [0x00000000e4a80000,0x00000000e54f9150,0x00000000e5500000)
  to   space 10752K, 0% used [0x00000000e4000000,0x00000000e4000000,0x00000000e4a80000)
 ParOldGen       total 175104K, used 1738K [0x00000000a0000000, 0x00000000aab00000, 0x00000000e0000000)
  object space 175104K, 0% used [0x00000000a0000000,0x00000000a01b29b8,0x00000000aab00000)
 Metaspace       used 20824K, capacity 21130K, committed 21248K, reserved 1067008K
  class space    used 2866K, capacity 3012K, committed 3072K, reserved 1048576K
Event: 4.553 GC heap after
Heap after GC invocations=3 (full 0):
 PSYoungGen      total 76288K, used 8527K [0x00000000e0000000, 0x00000000e9500000, 0x0000000100000000)
  eden space 65536K, 0% used [0x00000000e0000000,0x00000000e0000000,0x00000000e4000000)
  from space 10752K, 79% used [0x00000000e4000000,0x00000000e4853e40,0x00000000e4a80000)
  to   space 10752K, 0% used [0x00000000e8a80000,0x00000000e8a80000,0x00000000e9500000)
 ParOldGen       total 175104K, used 1746K [0x00000000a0000000, 0x00000000aab00000, 0x00000000e0000000)
  object space 175104K, 0% used [0x00000000a0000000,0x00000000a01b49b8,0x00000000aab00000)
 Metaspace       used 20824K, capacity 21130K, committed 21248K, reserved 1067008K
  class space    used 2866K, capacity 3012K, committed 3072K, reserved 1048576K
}
Event: 4.553 GC heap before
{Heap before GC invocations=4 (full 1):
 PSYoungGen      total 76288K, used 8527K [0x00000000e0000000, 0x00000000e9500000, 0x0000000100000000)
  eden space 65536K, 0% used [0x00000000e0000000,0x00000000e0000000,0x00000000e4000000)
  from space 10752K, 79% used [0x00000000e4000000,0x00000000e4853e40,0x00000000e4a80000)
  to   space 10752K, 0% used [0x00000000e8a80000,0x00000000e8a80000,0x00000000e9500000)
 ParOldGen       total 175104K, used 1746K [0x00000000a0000000, 0x00000000aab00000, 0x00000000e0000000)
  object space 175104K, 0% used [0x00000000a0000000,0x00000000a01b49b8,0x00000000aab00000)
 Metaspace       used 20824K, capacity 21130K, committed 21248K, reserved 1067008K
  class space    used 2866K, capacity 3012K, committed 3072K, reserved 1048576K
Event: 4.594 GC heap after
Heap after GC invocations=4 (full 1):
 PSYoungGen      total 76288K, used 0K [0x00000000e0000000, 0x00000000e9500000, 0x0000000100000000)
  eden space 65536K, 0% used [0x00000000e0000000,0x00000000e0000000,0x00000000e4000000)
  from space 10752K, 0% used [0x00000000e4000000,0x00000000e4000000,0x00000000e4a80000)
  to   space 10752K, 0% used [0x00000000e8a80000,0x00000000e8a80000,0x00000000e9500000)
 ParOldGen       total 100352K, used 8239K [0x00000000a0000000, 0x00000000a6200000, 0x00000000e0000000)
  object space 100352K, 8% used [0x00000000a0000000,0x00000000a080bdc0,0x00000000a6200000)
 Metaspace       used 20824K, capacity 21130K, committed 21248K, reserved 1067008K
  class space    used 2866K, capacity 3012K, committed 3072K, reserved 1048576K
}
Event: 5.960 GC heap before
{Heap before GC invocations=5 (full 1):
 PSYoungGen      total 76288K, used 65536K [0x00000000e0000000, 0x00000000e9500000, 0x0000000100000000)
  eden space 65536K, 100% used [0x00000000e0000000,0x00000000e4000000,0x00000000e4000000)
  from space 10752K, 0% used [0x00000000e4000000,0x00000000e4000000,0x00000000e4a80000)
  to   space 10752K, 0% used [0x00000000e8a80000,0x00000000e8a80000,0x00000000e9500000)
 ParOldGen       total 100352K, used 8239K [0x00000000a0000000, 0x00000000a6200000, 0x00000000e0000000)
  object space 100352K, 8% used [0x00000000a0000000,0x00000000a080bdc0,0x00000000a6200000)
 Metaspace       used 26343K, capacity 26728K, committed 26880K, reserved 1073152K
  class space    used 3633K, capacity 3769K, committed 3840K, reserved 1048576K
Event: 5.967 GC heap after
Heap after GC invocations=5 (full 1):
 PSYoungGen      total 112128K, used 6984K [0x00000000e0000000, 0x00000000e9180000, 0x0000000100000000)
  eden space 104960K, 0% used [0x00000000e0000000,0x00000000e0000000,0x00000000e6680000)
  from space 7168K, 97% used [0x00000000e8a80000,0x00000000e91520f8,0x00000000e9180000)
  to   space 10752K, 0% used [0x00000000e7c80000,0x00000000e7c80000,0x00000000e8700000)
 ParOldGen       total 100352K, used 8247K [0x00000000a0000000, 0x00000000a6200000, 0x00000000e0000000)
  object space 100352K, 8% used [0x00000000a0000000,0x00000000a080ddc0,0x00000000a6200000)
 Metaspace       used 26343K, capacity 26728K, committed 26880K, reserved 1073152K
  class space    used 3633K, capacity 3769K, committed 3840K, reserved 1048576K
}
Event: 7.831 GC heap before
{Heap before GC invocations=6 (full 1):
 PSYoungGen      total 112128K, used 94038K [0x00000000e0000000, 0x00000000e9180000, 0x0000000100000000)
  eden space 104960K, 82% used [0x00000000e0000000,0x00000000e5503860,0x00000000e6680000)
  from space 7168K, 97% used [0x00000000e8a80000,0x00000000e91520f8,0x00000000e9180000)
  to   space 10752K, 0% used [0x00000000e7c80000,0x00000000e7c80000,0x00000000e8700000)
 ParOldGen       total 100352K, used 8247K [0x00000000a0000000, 0x00000000a6200000, 0x00000000e0000000)
  object space 100352K, 8% used [0x00000000a0000000,0x00000000a080ddc0,0x00000000a6200000)
 Metaspace       used 34731K, capacity 35274K, committed 35416K, reserved 1079296K
  class space    used 4760K, capacity 4984K, committed 4992K, reserved 1048576K
Event: 7.843 GC heap after
Heap after GC invocations=6 (full 1):
 PSYoungGen      total 138240K, used 10747K [0x00000000e0000000, 0x00000000ebd00000, 0x0000000100000000)
  eden space 127488K, 0% used [0x00000000e0000000,0x00000000e0000000,0x00000000e7c80000)
  from space 10752K, 99% used [0x00000000e7c80000,0x00000000e86fef58,0x00000000e8700000)
  to   space 14848K, 0% used [0x00000000eae80000,0x00000000eae80000,0x00000000ebd00000)
 ParOldGen       total 100352K, used 10130K [0x00000000a0000000, 0x00000000a6200000, 0x00000000e0000000)
  object space 100352K, 10% used [0x00000000a0000000,0x00000000a09e4be8,0x00000000a6200000)
 Metaspace       used 34731K, capacity 35274K, committed 35416K, reserved 1079296K
  class space    used 4760K, capacity 4984K, committed 4992K, reserved 1048576K
}
Event: 7.843 GC heap before
{Heap before GC invocations=7 (full 2):
 PSYoungGen      total 138240K, used 10747K [0x00000000e0000000, 0x00000000ebd00000, 0x0000000100000000)
  eden space 127488K, 0% used [0x00000000e0000000,0x00000000e0000000,0x00000000e7c80000)
  from space 10752K, 99% used [0x00000000e7c80000,0x00000000e86fef58,0x00000000e8700000)
  to   space 14848K, 0% used [0x00000000eae80000,0x00000000eae80000,0x00000000ebd00000)
 ParOldGen       total 100352K, used 10130K [0x00000000a0000000, 0x00000000a6200000, 0x00000000e0000000)
  object space 100352K, 10% used [0x00000000a0000000,0x00000000a09e4be8,0x00000000a6200000)
 Metaspace       used 34731K, capacity 35274K, committed 35416K, reserved 1079296K
  class space    used 4760K, capacity 4984K, committed 4992K, reserved 1048576K
Event: 7.941 GC heap after
Heap after GC invocations=7 (full 2):
 PSYoungGen      total 138240K, used 0K [0x00000000e0000000, 0x00000000ebd00000, 0x0000000100000000)
  eden space 127488K, 0% used [0x00000000e0000000,0x00000000e0000000,0x00000000e7c80000)
  from space 10752K, 0% used [0x00000000e7c80000,0x00000000e7c80000,0x00000000e8700000)
  to   space 14848K, 0% used [0x00000000eae80000,0x00000000eae80000,0x00000000ebd00000)
 ParOldGen       total 167424K, used 18767K [0x00000000a0000000, 0x00000000aa380000, 0x00000000e0000000)
  object space 167424K, 11% used [0x00000000a0000000,0x00000000a1253fe0,0x00000000aa380000)
 Metaspace       used 34731K, capacity 35274K, committed 35416K, reserved 1079296K
  class space    used 4760K, capacity 4984K, committed 4992K, reserved 1048576K
}

