# JRE version: OpenJDK Runtime Environment (8.0_152-b02) (build 1.8.0_152-release-1024-b02)
# Java VM: OpenJDK 64-Bit Server VM (25.152-b02 mixed mode windows-amd64 compressed oops)
Heap:
 PSYoungGen      total 303104K, used 10325K [0x00000000e0000000, 0x00000000f6480000, 0x0000000100000000)
  eden space 263680K, 3% used [0x00000000e0000000,0x00000000e0a15708,0x00000000f0180000)
  from space 39424K, 0% used [0x00000000f2600000,0x00000000f2600000,0x00000000f4c80000)
  to   space 37376K, 0% used [0x00000000f0180000,0x00000000f0180000,0x00000000f2600000)
 ParOldGen       total 228864K, used 40796K [0x00000000a0000000, 0x00000000adf80000, 0x00000000e0000000)
  object space 228864K, 17% used [0x00000000a0000000,0x00000000a27d70b8,0x00000000adf80000)
 Metaspace       used 57555K, capacity 59882K, committed 60120K, reserved 1101824K
  class space    used 7810K, capacity 8364K, committed 8448K, reserved 1048576K
GC Heap History (10 events):
Event: 18.822 GC heap before
{Heap before GC invocations=9 (full 2):
 PSYoungGen      total 190976K, used 189761K [0x00000000e0000000, 0x00000000ecc80000, 0x0000000100000000)
  eden space 176640K, 100% used [0x00000000e0000000,0x00000000eac80000,0x00000000eac80000)
  from space 14336K, 91% used [0x00000000ebe80000,0x00000000ecb507c0,0x00000000ecc80000)
  to   space 16384K, 0% used [0x00000000eac80000,0x00000000eac80000,0x00000000ebc80000)
 ParOldGen       total 156160K, used 18824K [0x00000000a0000000, 0x00000000a9880000, 0x00000000e0000000)
  object space 156160K, 12% used [0x00000000a0000000,0x00000000a12622f0,0x00000000a9880000)
 Metaspace       used 52021K, capacity 53978K, committed 54232K, reserved 1095680K
  class space    used 7172K, capacity 7676K, committed 7680K, reserved 1048576K
Event: 18.841 GC heap after
Heap after GC invocations=9 (full 2):
 PSYoungGen      total 193024K, used 16383K [0x00000000e0000000, 0x00000000f1400000, 0x0000000100000000)
  eden space 176640K, 0% used [0x00000000e0000000,0x00000000e0000000,0x00000000eac80000)
  from space 16384K, 99% used [0x00000000eac80000,0x00000000ebc7ff20,0x00000000ebc80000)
  to   space 23552K, 0% used [0x00000000efd00000,0x00000000efd00000,0x00000000f1400000)
 ParOldGen       total 156160K, used 28416K [0x00000000a0000000, 0x00000000a9880000, 0x00000000e0000000)
  object space 156160K, 18% used [0x00000000a0000000,0x00000000a1bc0198,0x00000000a9880000)
 Metaspace       used 52021K, capacity 53978K, committed 54232K, reserved 1095680K
  class space    used 7172K, capacity 7676K, committed 7680K, reserved 1048576K
}
Event: 21.732 GC heap before
{Heap before GC invocations=10 (full 2):
 PSYoungGen      total 193024K, used 189999K [0x00000000e0000000, 0x00000000f1400000, 0x0000000100000000)
  eden space 176640K, 98% used [0x00000000e0000000,0x00000000ea98c0d8,0x00000000eac80000)
  from space 16384K, 99% used [0x00000000eac80000,0x00000000ebc7ff20,0x00000000ebc80000)
  to   space 23552K, 0% used [0x00000000efd00000,0x00000000efd00000,0x00000000f1400000)
 ParOldGen       total 156160K, used 28416K [0x00000000a0000000, 0x00000000a9880000, 0x00000000e0000000)
  object space 156160K, 18% used [0x00000000a0000000,0x00000000a1bc0198,0x00000000a9880000)
 Metaspace       used 54552K, capacity 56690K, committed 56920K, reserved 1097728K
  class space    used 7509K, capacity 8016K, committed 8064K, reserved 1048576K
Event: 21.768 GC heap after
Heap after GC invocations=10 (full 2):
 PSYoungGen      total 241152K, used 23527K [0x00000000e0000000, 0x00000000f3980000, 0x0000000100000000)
  eden space 217600K, 0% used [0x00000000e0000000,0x00000000e0000000,0x00000000ed480000)
  from space 23552K, 99% used [0x00000000efd00000,0x00000000f13f9f70,0x00000000f1400000)
  to   space 41472K, 0% used [0x00000000ed480000,0x00000000ed480000,0x00000000efd00000)
 ParOldGen       total 156160K, used 62180K [0x00000000a0000000, 0x00000000a9880000, 0x00000000e0000000)
  object space 156160K, 39% used [0x00000000a0000000,0x00000000a3cb9068,0x00000000a9880000)
 Metaspace       used 54552K, capacity 56690K, committed 56920K, reserved 1097728K
  class space    used 7509K, capacity 8016K, committed 8064K, reserved 1048576K
}
Event: 23.553 GC heap before
{Heap before GC invocations=11 (full 2):
 PSYoungGen      total 241152K, used 241127K [0x00000000e0000000, 0x00000000f3980000, 0x0000000100000000)
  eden space 217600K, 100% used [0x00000000e0000000,0x00000000ed480000,0x00000000ed480000)
  from space 23552K, 99% used [0x00000000efd00000,0x00000000f13f9f70,0x00000000f1400000)
  to   space 41472K, 0% used [0x00000000ed480000,0x00000000ed480000,0x00000000efd00000)
 ParOldGen       total 156160K, used 62180K [0x00000000a0000000, 0x00000000a9880000, 0x00000000e0000000)
  object space 156160K, 39% used [0x00000000a0000000,0x00000000a3cb9068,0x00000000a9880000)
 Metaspace       used 54835K, capacity 57014K, committed 57304K, reserved 1097728K
  class space    used 7563K, capacity 8074K, committed 8192K, reserved 1048576K
Event: 23.567 GC heap after
Heap after GC invocations=11 (full 2):
 PSYoungGen      total 259072K, used 16471K [0x00000000e0000000, 0x00000000f4c80000, 0x0000000100000000)
  eden space 217600K, 0% used [0x00000000e0000000,0x00000000e0000000,0x00000000ed480000)
  from space 41472K, 39% used [0x00000000ed480000,0x00000000ee495f70,0x00000000efd00000)
  to   space 39424K, 0% used [0x00000000f2600000,0x00000000f2600000,0x00000000f4c80000)
 ParOldGen       total 156160K, used 62188K [0x00000000a0000000, 0x00000000a9880000, 0x00000000e0000000)
  object space 156160K, 39% used [0x00000000a0000000,0x00000000a3cbb068,0x00000000a9880000)
 Metaspace       used 54835K, capacity 57014K, committed 57304K, reserved 1097728K
  class space    used 7563K, capacity 8074K, committed 8192K, reserved 1048576K
}
Event: 23.863 GC heap before
{Heap before GC invocations=12 (full 2):
 PSYoungGen      total 259072K, used 30761K [0x00000000e0000000, 0x00000000f4c80000, 0x0000000100000000)
  eden space 217600K, 6% used [0x00000000e0000000,0x00000000e0df44b0,0x00000000ed480000)
  from space 41472K, 39% used [0x00000000ed480000,0x00000000ee495f70,0x00000000efd00000)
  to   space 39424K, 0% used [0x00000000f2600000,0x00000000f2600000,0x00000000f4c80000)
 ParOldGen       total 156160K, used 62188K [0x00000000a0000000, 0x00000000a9880000, 0x00000000e0000000)
  object space 156160K, 39% used [0x00000000a0000000,0x00000000a3cbb068,0x00000000a9880000)
 Metaspace       used 56672K, capacity 58998K, committed 59028K, reserved 1099776K
  class space    used 7750K, capacity 8292K, committed 8320K, reserved 1048576K
Event: 23.884 GC heap after
Heap after GC invocations=12 (full 2):
 PSYoungGen      total 303104K, used 18868K [0x00000000e0000000, 0x00000000f6480000, 0x0000000100000000)
  eden space 263680K, 0% used [0x00000000e0000000,0x00000000e0000000,0x00000000f0180000)
  from space 39424K, 47% used [0x00000000f2600000,0x00000000f386d2f0,0x00000000f4c80000)
  to   space 37376K, 0% used [0x00000000f0180000,0x00000000f0180000,0x00000000f2600000)
 ParOldGen       total 156160K, used 62196K [0x00000000a0000000, 0x00000000a9880000, 0x00000000e0000000)
  object space 156160K, 39% used [0x00000000a0000000,0x00000000a3cbd068,0x00000000a9880000)
 Metaspace       used 56672K, capacity 58998K, committed 59028K, reserved 1099776K
  class space    used 7750K, capacity 8292K, committed 8320K, reserved 1048576K
}
Event: 23.884 GC heap before
{Heap before GC invocations=13 (full 3):
 PSYoungGen      total 303104K, used 18868K [0x00000000e0000000, 0x00000000f6480000, 0x0000000100000000)
  eden space 263680K, 0% used [0x00000000e0000000,0x00000000e0000000,0x00000000f0180000)
  from space 39424K, 47% used [0x00000000f2600000,0x00000000f386d2f0,0x00000000f4c80000)
  to   space 37376K, 0% used [0x00000000f0180000,0x00000000f0180000,0x00000000f2600000)
 ParOldGen       total 156160K, used 62196K [0x00000000a0000000, 0x00000000a9880000, 0x00000000e0000000)
  object space 156160K, 39% used [0x00000000a0000000,0x00000000a3cbd068,0x00000000a9880000)
 Metaspace       used 56672K, capacity 58998K, committed 59028K, reserved 1099776K
  class space    used 7750K, capacity 8292K, committed 8320K, reserved 1048576K
Event: 24.105 GC heap after
Heap after GC invocations=13 (full 3):
 PSYoungGen      total 303104K, used 0K [0x00000000e0000000, 0x00000000f6480000, 0x0000000100000000)
  eden space 263680K, 0% used [0x00000000e0000000,0x00000000e0000000,0x00000000f0180000)
  from space 39424K, 0% used [0x00000000f2600000,0x00000000f2600000,0x00000000f4c80000)
  to   space 37376K, 0% used [0x00000000f0180000,0x00000000f0180000,0x00000000f2600000)
 ParOldGen       total 228864K, used 40796K [0x00000000a0000000, 0x00000000adf80000, 0x00000000e0000000)
  object space 228864K, 17% used [0x00000000a0000000,0x00000000a27d70b8,0x00000000adf80000)
 Metaspace       used 56672K, capacity 58998K, committed 59028K, reserved 1099776K
  class space    used 7750K, capacity 8292K, committed 8320K, reserved 1048576K
}

