# JRE version: OpenJDK Runtime Environment (8.0_152-b02) (build 1.8.0_152-release-1024-b02)
# Java VM: OpenJDK 64-Bit Server VM (25.152-b02 mixed mode windows-amd64 compressed oops)
Heap:
 PSYoungGen      total 236544K, used 15845K [0x00000000e0000000, 0x00000000f0700000, 0x0000000100000000)
  eden space 213504K, 7% used [0x00000000e0000000,0x00000000e0f79558,0x00000000ed080000)
  from space 23040K, 0% used [0x00000000ef080000,0x00000000ef080000,0x00000000f0700000)
  to   space 27136K, 0% used [0x00000000ed200000,0x00000000ed200000,0x00000000eec80000)
 ParOldGen       total 245248K, used 35514K [0x00000000a0000000, 0x00000000aef80000, 0x00000000e0000000)
  object space 245248K, 14% used [0x00000000a0000000,0x00000000a22aeb38,0x00000000aef80000)
 Metaspace       used 57978K, capacity 60280K, committed 60504K, reserved 1101824K
  class space    used 7756K, capacity 8311K, committed 8320K, reserved 1048576K
GC Heap History (10 events):
Event: 9.727 GC heap before
{Heap before GC invocations=7 (full 2):
 PSYoungGen      total 138240K, used 10736K [0x00000000e0000000, 0x00000000ebf80000, 0x0000000100000000)
  eden space 127488K, 0% used [0x00000000e0000000,0x00000000e0000000,0x00000000e7c80000)
  from space 10752K, 99% used [0x00000000e7c80000,0x00000000e86fc1f8,0x00000000e8700000)
  to   space 14848K, 0% used [0x00000000eb100000,0x00000000eb100000,0x00000000ebf80000)
 ParOldGen       total 99328K, used 10030K [0x00000000a0000000, 0x00000000a6100000, 0x00000000e0000000)
  object space 99328K, 10% used [0x00000000a0000000,0x00000000a09cbb30,0x00000000a6100000)
 Metaspace       used 34767K, capacity 35398K, committed 35416K, reserved 1079296K
  class space    used 4762K, capacity 4984K, committed 4992K, reserved 1048576K
Event: 9.828 GC heap after
Heap after GC invocations=7 (full 2):
 PSYoungGen      total 138240K, used 0K [0x00000000e0000000, 0x00000000ebf80000, 0x0000000100000000)
  eden space 127488K, 0% used [0x00000000e0000000,0x00000000e0000000,0x00000000e7c80000)
  from space 10752K, 0% used [0x00000000e7c80000,0x00000000e7c80000,0x00000000e8700000)
  to   space 14848K, 0% used [0x00000000eb100000,0x00000000eb100000,0x00000000ebf80000)
 ParOldGen       total 165376K, used 18722K [0x00000000a0000000, 0x00000000aa180000, 0x00000000e0000000)
  object space 165376K, 11% used [0x00000000a0000000,0x00000000a1248a58,0x00000000aa180000)
 Metaspace       used 34767K, capacity 35398K, committed 35416K, reserved 1079296K
  class space    used 4762K, capacity 4984K, committed 4992K, reserved 1048576K
}
Event: 12.271 GC heap before
{Heap before GC invocations=8 (full 2):
 PSYoungGen      total 138240K, used 127488K [0x00000000e0000000, 0x00000000ebf80000, 0x0000000100000000)
  eden space 127488K, 100% used [0x00000000e0000000,0x00000000e7c80000,0x00000000e7c80000)
  from space 10752K, 0% used [0x00000000e7c80000,0x00000000e7c80000,0x00000000e8700000)
  to   space 14848K, 0% used [0x00000000eb100000,0x00000000eb100000,0x00000000ebf80000)
 ParOldGen       total 165376K, used 18722K [0x00000000a0000000, 0x00000000aa180000, 0x00000000e0000000)
  object space 165376K, 11% used [0x00000000a0000000,0x00000000a1248a58,0x00000000aa180000)
 Metaspace       used 39675K, capacity 40700K, committed 40920K, reserved 1085440K
  class space    used 5433K, capacity 5779K, committed 5888K, reserved 1048576K
Event: 12.289 GC heap after
Heap after GC invocations=8 (full 2):
 PSYoungGen      total 179712K, used 13346K [0x00000000e0000000, 0x00000000eca00000, 0x0000000100000000)
  eden space 164864K, 0% used [0x00000000e0000000,0x00000000e0000000,0x00000000ea100000)
  from space 14848K, 89% used [0x00000000eb100000,0x00000000ebe08bf8,0x00000000ebf80000)
  to   space 16384K, 0% used [0x00000000ea100000,0x00000000ea100000,0x00000000eb100000)
 ParOldGen       total 165376K, used 18730K [0x00000000a0000000, 0x00000000aa180000, 0x00000000e0000000)
  object space 165376K, 11% used [0x00000000a0000000,0x00000000a124aa58,0x00000000aa180000)
 Metaspace       used 39675K, capacity 40700K, committed 40920K, reserved 1085440K
  class space    used 5433K, capacity 5779K, committed 5888K, reserved 1048576K
}
Event: 16.645 GC heap before
{Heap before GC invocations=9 (full 2):
 PSYoungGen      total 179712K, used 178210K [0x00000000e0000000, 0x00000000eca00000, 0x0000000100000000)
  eden space 164864K, 100% used [0x00000000e0000000,0x00000000ea100000,0x00000000ea100000)
  from space 14848K, 89% used [0x00000000eb100000,0x00000000ebe08bf8,0x00000000ebf80000)
  to   space 16384K, 0% used [0x00000000ea100000,0x00000000ea100000,0x00000000eb100000)
 ParOldGen       total 165376K, used 18730K [0x00000000a0000000, 0x00000000aa180000, 0x00000000e0000000)
  object space 165376K, 11% used [0x00000000a0000000,0x00000000a124aa58,0x00000000aa180000)
 Metaspace       used 54361K, capacity 56354K, committed 56408K, reserved 1097728K
  class space    used 7307K, capacity 7789K, committed 7808K, reserved 1048576K
Event: 16.674 GC heap after
Heap after GC invocations=9 (full 2):
 PSYoungGen      total 181248K, used 16367K [0x00000000e0000000, 0x00000000f0800000, 0x0000000100000000)
  eden space 164864K, 0% used [0x00000000e0000000,0x00000000e0000000,0x00000000ea100000)
  from space 16384K, 99% used [0x00000000ea100000,0x00000000eb0fbf20,0x00000000eb100000)
  to   space 24064K, 0% used [0x00000000ef080000,0x00000000ef080000,0x00000000f0800000)
 ParOldGen       total 165376K, used 30367K [0x00000000a0000000, 0x00000000aa180000, 0x00000000e0000000)
  object space 165376K, 18% used [0x00000000a0000000,0x00000000a1da7f40,0x00000000aa180000)
 Metaspace       used 54361K, capacity 56354K, committed 56408K, reserved 1097728K
  class space    used 7307K, capacity 7789K, committed 7808K, reserved 1048576K
}
Event: 36.033 GC heap before
{Heap before GC invocations=10 (full 2):
 PSYoungGen      total 181248K, used 98888K [0x00000000e0000000, 0x00000000f0800000, 0x0000000100000000)
  eden space 164864K, 50% used [0x00000000e0000000,0x00000000e5096338,0x00000000ea100000)
  from space 16384K, 99% used [0x00000000ea100000,0x00000000eb0fbf20,0x00000000eb100000)
  to   space 24064K, 0% used [0x00000000ef080000,0x00000000ef080000,0x00000000f0800000)
 ParOldGen       total 165376K, used 30367K [0x00000000a0000000, 0x00000000aa180000, 0x00000000e0000000)
  object space 165376K, 18% used [0x00000000a0000000,0x00000000a1da7f40,0x00000000aa180000)
 Metaspace       used 56715K, capacity 58960K, committed 59028K, reserved 1099776K
  class space    used 7590K, capacity 8135K, committed 8192K, reserved 1048576K
Event: 36.055 GC heap after
Heap after GC invocations=10 (full 2):
 PSYoungGen      total 236544K, used 22696K [0x00000000e0000000, 0x00000000f0700000, 0x0000000100000000)
  eden space 213504K, 0% used [0x00000000e0000000,0x00000000e0000000,0x00000000ed080000)
  from space 23040K, 98% used [0x00000000ef080000,0x00000000f06aa380,0x00000000f0700000)
  to   space 27136K, 0% used [0x00000000ed200000,0x00000000ed200000,0x00000000eec80000)
 ParOldGen       total 165376K, used 30375K [0x00000000a0000000, 0x00000000aa180000, 0x00000000e0000000)
  object space 165376K, 18% used [0x00000000a0000000,0x00000000a1da9f40,0x00000000aa180000)
 Metaspace       used 56715K, capacity 58960K, committed 59028K, reserved 1099776K
  class space    used 7590K, capacity 8135K, committed 8192K, reserved 1048576K
}
Event: 36.055 GC heap before
{Heap before GC invocations=11 (full 3):
 PSYoungGen      total 236544K, used 22696K [0x00000000e0000000, 0x00000000f0700000, 0x0000000100000000)
  eden space 213504K, 0% used [0x00000000e0000000,0x00000000e0000000,0x00000000ed080000)
  from space 23040K, 98% used [0x00000000ef080000,0x00000000f06aa380,0x00000000f0700000)
  to   space 27136K, 0% used [0x00000000ed200000,0x00000000ed200000,0x00000000eec80000)
 ParOldGen       total 165376K, used 30375K [0x00000000a0000000, 0x00000000aa180000, 0x00000000e0000000)
  object space 165376K, 18% used [0x00000000a0000000,0x00000000a1da9f40,0x00000000aa180000)
 Metaspace       used 56715K, capacity 58960K, committed 59028K, reserved 1099776K
  class space    used 7590K, capacity 8135K, committed 8192K, reserved 1048576K
Event: 36.268 GC heap after
Heap after GC invocations=11 (full 3):
 PSYoungGen      total 236544K, used 0K [0x00000000e0000000, 0x00000000f0700000, 0x0000000100000000)
  eden space 213504K, 0% used [0x00000000e0000000,0x00000000e0000000,0x00000000ed080000)
  from space 23040K, 0% used [0x00000000ef080000,0x00000000ef080000,0x00000000f0700000)
  to   space 27136K, 0% used [0x00000000ed200000,0x00000000ed200000,0x00000000eec80000)
 ParOldGen       total 245248K, used 35514K [0x00000000a0000000, 0x00000000aef80000, 0x00000000e0000000)
  object space 245248K, 14% used [0x00000000a0000000,0x00000000a22aeb38,0x00000000aef80000)
 Metaspace       used 56715K, capacity 58960K, committed 59028K, reserved 1099776K
  class space    used 7590K, capacity 8135K, committed 8192K, reserved 1048576K
}

